[debug] [2022-02-02T22:52:59.023Z] ----------------------------------------------------------------------
[debug] [2022-02-02T22:52:59.024Z] Command:       C:\Program Files\nodejs\node.exe C:\Users\asus\AppData\Roaming\npm\node_modules\firebase-tools\lib\bin\firebase.js init
[debug] [2022-02-02T22:52:59.025Z] CLI Version:   9.16.6
[debug] [2022-02-02T22:52:59.025Z] Platform:      win32
[debug] [2022-02-02T22:52:59.025Z] Node Version:  v14.17.5
[debug] [2022-02-02T22:52:59.028Z] Time:          Thu Feb 03 2022 04:22:59 GMT+0530 (India Standard Time)
[debug] [2022-02-02T22:52:59.029Z] ----------------------------------------------------------------------
[debug] 
[debug] [2022-02-02T22:52:59.034Z] >>> [apiv2][query] GET https://firebase-public.firebaseio.com/cli.json [none]
[debug] [2022-02-02T22:52:59.061Z] > command requires scopes: ["email","openid","https://www.googleapis.com/auth/cloudplatformprojects.readonly","https://www.googleapis.com/auth/firebase","https://www.googleapis.com/auth/cloud-platform"]
[debug] [2022-02-02T22:52:59.061Z] > authorizing via signed-in user (ybaranwal5@gmail.com)
[info] 
     ######## #### ########  ######## ########     ###     ######  ########
     ##        ##  ##     ## ##       ##     ##  ##   ##  ##       ##
     ######    ##  ########  ######   ########  #########  ######  ######
     ##        ##  ##    ##  ##       ##     ## ##     ##       ## ##
     ##       #### ##     ## ######## ########  ##     ##  ######  ########

You're about to initialize a Firebase project in this directory:

  C:\Users\asus\Desktop\crypto tracker\cryptocurrency-tracker

[debug] [2022-02-02T22:53:00.171Z] <<< [apiv2][status] GET https://firebase-public.firebaseio.com/cli.json 200
[debug] [2022-02-02T22:53:00.171Z] <<< [apiv2][body] GET https://firebase-public.firebaseio.com/cli.json {"cloudBuildErrorAfter":1594252800000,"cloudBuildWarnAfter":1590019200000,"defaultNode10After":1594252800000,"minVersion":"3.0.5","node8DeploysDisabledAfter":1613390400000,"node8RuntimeDisabledAfter":1615809600000,"node8WarnAfter":1600128000000}
